[debug] ----------------------------------------------------------------------
[debug] Command:      C:\Program Files\nodejs\node.exe C:\Users\js2176\AppData\Roaming\npm\node_modules\firebase-tools\bin\firebase deploy
[debug] CLI Version:  3.0.2
[debug] Platform:     win32
[debug] Node Version: v4.4.5
[debug] Time:         Tue Jun 07 2016 15:29:31 GMT-0400 (Eastern Daylight Time)
[debug] ----------------------------------------------------------------------
[debug] 
[debug] > command requires scopes: ["email","openid","https://www.googleapis.com/auth/cloudplatformprojects.readonly","https://www.googleapis.com/auth/firebase"]
[debug] > refreshing access token with scopes: ["email","https://www.googleapis.com/auth/cloudplatformprojects.readonly","https://www.googleapis.com/auth/firebase","openid"]
[debug] >>> HTTP REQUEST POST https://www.googleapis.com/oauth2/v3/token
[debug] <<< HTTP RESPONSE 200
[debug] >>> HTTP REQUEST GET https://admin.firebase.com/v1/projects/project-1992353342208254971 
[debug] <<< HTTP RESPONSE 200
[debug] >>> HTTP REQUEST GET https://admin.firebase.com/v1/database/project-1992353342208254971/tokens 
[debug] <<< HTTP RESPONSE 200
[info] 
[info] === Deploying to 'project-1992353342208254971'...
[info] 
[info] i  deploying database, hosting
[info] i  hosting: preparing app directory for upload...
[debug] >>> HTTP REQUEST PUT https://deploy.firebase.com/v1/hosting/project-1992353342208254971/uploads/-KJgKqXiSe23awu7Y0jC?fileCount=155&message= 
